c:\users\sneha\desktop\new folder\executive\debug\vc120.pdb
c:\users\sneha\desktop\new folder\executive\debug\vc120.idb
c:\users\sneha\desktop\new folder\executive\debug\display.obj
c:\users\sneha\desktop\new folder\executive\debug\filesystem.obj
c:\users\sneha\desktop\new folder\executive\debug\mnode.obj
c:\users\sneha\desktop\new folder\executive\debug\mtree.obj
c:\users\sneha\desktop\new folder\executive\debug\utilities.obj
c:\users\sneha\desktop\new folder\executive\debug\xmldocument.obj
c:\users\sneha\desktop\new folder\executive\debug\xmlelement.obj
c:\users\sneha\desktop\new folder\executive\debug\xmlreader.obj
c:\users\sneha\desktop\new folder\executive\debug\tokenizer.obj
c:\users\sneha\desktop\new folder\executive\debug\xmlwriter.obj
c:\users\sneha\desktop\new folder\executive\debug\executive.obj
c:\users\sneha\desktop\new folder\debug\executive.ilk
c:\users\sneha\desktop\new folder\debug\executive.exe
c:\users\sneha\desktop\new folder\debug\executive.pdb
c:\users\sneha\desktop\new folder\executive\debug\executive.tlog\cl.command.1.tlog
c:\users\sneha\desktop\new folder\executive\debug\executive.tlog\cl.read.1.tlog
c:\users\sneha\desktop\new folder\executive\debug\executive.tlog\cl.write.1.tlog
c:\users\sneha\desktop\new folder\executive\debug\executive.tlog\link.command.1.tlog
c:\users\sneha\desktop\new folder\executive\debug\executive.tlog\link.read.1.tlog
c:\users\sneha\desktop\new folder\executive\debug\executive.tlog\link.write.1.tlog
